0 info it worked if it ends with ok
1 verbose cli [ '/usr/local/heroku/bin/node',
1 verbose cli   '/usr/bin/npm',
1 verbose cli   'install',
1 verbose cli   '-g',
1 verbose cli   'typescript' ]
2 info using npm@3.10.10
3 info using node@v7.10.0
4 silly loadCurrentTree Starting
5 silly install loadCurrentTree
6 silly install readGlobalPackageData
7 silly fetchPackageMetaData typescript
8 silly fetchNamedPackageData typescript
9 silly mapToRegistry name typescript
10 silly mapToRegistry using default registry
11 silly mapToRegistry registry https://registry.npmjs.org/
12 silly mapToRegistry data Result {
12 silly mapToRegistry   raw: 'typescript',
12 silly mapToRegistry   scope: null,
12 silly mapToRegistry   escapedName: 'typescript',
12 silly mapToRegistry   name: 'typescript',
12 silly mapToRegistry   rawSpec: '',
12 silly mapToRegistry   spec: 'latest',
12 silly mapToRegistry   type: 'tag' }
13 silly mapToRegistry uri https://registry.npmjs.org/typescript
14 verbose request uri https://registry.npmjs.org/typescript
15 verbose request no auth needed
16 info attempt registry request try #1 at 15:13:57
17 verbose request id 318bb194b4897fcb
18 verbose etag W/"591bea59-18e52d"
19 verbose lastModified Wed, 17 May 2017 06:14:49 GMT
20 http request GET https://registry.npmjs.org/typescript
21 http 200 https://registry.npmjs.org/typescript
22 verbose headers { server: 'nginx/1.10.1',
22 verbose headers   'content-type': 'application/json',
22 verbose headers   'last-modified': 'Fri, 25 Aug 2017 14:55:12 GMT',
22 verbose headers   etag: 'W/"59a03a50-1c005b"',
22 verbose headers   'content-encoding': 'gzip',
22 verbose headers   'cache-control': 'max-age=300',
22 verbose headers   'content-length': '89995',
22 verbose headers   'accept-ranges': 'bytes',
22 verbose headers   date: 'Fri, 25 Aug 2017 18:13:58 GMT',
22 verbose headers   via: '1.1 varnish',
22 verbose headers   age: '145',
22 verbose headers   connection: 'keep-alive',
22 verbose headers   'x-served-by': 'cache-gig17023-GIG',
22 verbose headers   'x-cache': 'HIT',
22 verbose headers   'x-cache-hits': '2',
22 verbose headers   'x-timer': 'S1503684838.277402,VS0,VE0',
22 verbose headers   vary: 'Accept-Encoding, Accept' }
23 silly get cb [ 200,
23 silly get   { server: 'nginx/1.10.1',
23 silly get     'content-type': 'application/json',
23 silly get     'last-modified': 'Fri, 25 Aug 2017 14:55:12 GMT',
23 silly get     etag: 'W/"59a03a50-1c005b"',
23 silly get     'content-encoding': 'gzip',
23 silly get     'cache-control': 'max-age=300',
23 silly get     'content-length': '89995',
23 silly get     'accept-ranges': 'bytes',
23 silly get     date: 'Fri, 25 Aug 2017 18:13:58 GMT',
23 silly get     via: '1.1 varnish',
23 silly get     age: '145',
23 silly get     connection: 'keep-alive',
23 silly get     'x-served-by': 'cache-gig17023-GIG',
23 silly get     'x-cache': 'HIT',
23 silly get     'x-cache-hits': '2',
23 silly get     'x-timer': 'S1503684838.277402,VS0,VE0',
23 silly get     vary: 'Accept-Encoding, Accept' } ]
24 verbose get saving typescript to /home/jonas/.npm/registry.npmjs.org/typescript/.cache.json
25 verbose correctMkdir /home/jonas/.npm correctMkdir not in flight; initializing
26 silly rollbackFailedOptional Starting
27 silly rollbackFailedOptional Finishing
28 silly runTopLevelLifecycles Finishing
29 silly install printInstalled
30 verbose stack Error: EACCES: permission denied, mkdir '/usr/local/heroku/lib'
31 verbose cwd /home/jonas/Documentos/JavaScript
32 error Linux 4.4.0-92-generic
33 error argv "/usr/local/heroku/bin/node" "/usr/bin/npm" "install" "-g" "typescript"
34 error node v7.10.0
35 error npm  v3.10.10
36 error path /usr/local/heroku/lib
37 error code EACCES
38 error errno -13
39 error syscall mkdir
40 error Error: EACCES: permission denied, mkdir '/usr/local/heroku/lib'
40 error  { Error: EACCES: permission denied, mkdir '/usr/local/heroku/lib'
40 error   errno: -13,
40 error   code: 'EACCES',
40 error   syscall: 'mkdir',
40 error   path: '/usr/local/heroku/lib' }
41 error Please try running this command again as root/Administrator.
42 verbose exit [ -13, true ]
